<?xml version="1.0" encoding="UTF-8"?>
<!-- Generated by org.testng.reporters.JUnitReportReporter -->
<testsuite hostname="Dhivakar" failures="0" tests="1" name="Automation.GoogleMapsTest.GoogleMapsTest" time="24.009" errors="0" timestamp="2025-05-21T19:03:34 IST" skipped="0">
  <testcase classname="Automation.GoogleMapsTest.GoogleMapsTest" name="testGoogleMapsFeatures" time="24.009"/>
  <system-out/>
</testsuite> <!-- Automation.GoogleMapsTest.GoogleMapsTest -->
