<?xml version="1.0" encoding="UTF-8"?>
<!-- Generated by org.testng.reporters.JUnitReportReporter -->
<testsuite hostname="Dhivakar" failures="0" tests="1" name="testng.NewTest" time="0.063" errors="0" timestamp="2025-05-20T12:34:55 IST" skipped="0">
  <testcase classname="testng.NewTest" name="f" time="0.063"/>
  <system-out/>
</testsuite> <!-- testng.NewTest -->
